Using pre-set license
Built from '2020.3/staging' branch; Version is '2020.3.28f1 (f5400f52e03f) revision 16072719'; Using compiler version '192528614'; Build Type 'Release'
OS: 'Windows 10  (10.0.18363) 64bit CoreSingleLanguage' Language: 'en' Physical Memory: 8032 MB
BatchMode: 1, IsHumanControllingUs: 0, StartBugReporterOnCrash: 0, Is64bit: 1, IsPro: 0

COMMAND LINE ARGUMENTS:
C:\Program Files\2020.3.28f1\Editor\Unity.exe
-adb2
-batchMode
-noUpm
-name
AssetImportWorker0
-projectPath
D:/Fork Repository/Pong/Pong Game
-logFile
Logs/AssetImportWorker0.log
-srvPort
55846
Successfully changed project path to: D:/Fork Repository/Pong/Pong Game
D:/Fork Repository/Pong/Pong Game
Using Asset Import Pipeline V2.
Refreshing native plugins compatible for Editor in 50.35 ms, found 3 plugins.
Preloading 0 native plugins for Editor in 0.00 ms.
Initialize engine version: 2020.3.28f1 (f5400f52e03f)
[Subsystems] Discovering subsystems at path C:/Program Files/2020.3.28f1/Editor/Data/Resources/UnitySubsystems
[Subsystems] Discovering subsystems at path D:/Fork Repository/Pong/Pong Game/Assets
GfxDevice: creating device client; threaded=0
Direct3D:
    Version:  Direct3D 11.0 [level 11.1]
    Renderer: NVIDIA GeForce GTX 1050 Ti (ID=0x1c8c)
    Vendor:   
    VRAM:     4029 MB
    Driver:   23.21.13.8873
Initialize mono
Mono path[0] = 'C:/Program Files/2020.3.28f1/Editor/Data/Managed'
Mono path[1] = 'C:/Program Files/2020.3.28f1/Editor/Data/MonoBleedingEdge/lib/mono/unityjit'
Mono config path = 'C:/Program Files/2020.3.28f1/Editor/Data/MonoBleedingEdge/etc'
Using monoOptions --debugger-agent=transport=dt_socket,embedding=1,server=y,suspend=n,address=127.0.0.1:56828
Begin MonoManager ReloadAssembly
Registering precompiled unity dll's ...
Register platform support module: C:/Program Files/2020.3.28f1/Editor/Data/PlaybackEngines/WindowsStandaloneSupport/UnityEditor.WindowsStandalone.Extensions.dll
Registered in 0.002407 seconds.
Native extension for WindowsStandalone target not found
Refreshing native plugins compatible for Editor in 45.14 ms, found 3 plugins.
Preloading 0 native plugins for Editor in 0.00 ms.
Mono: successfully reloaded assembly
- Completed reload, in  0.707 seconds
Domain Reload Profiling:
	ReloadAssembly (707ms)
		BeginReloadAssembly (87ms)
			ExecutionOrderSort (0ms)
			DisableScriptedObjects (0ms)
			BackupInstance (0ms)
			ReleaseScriptingObjects (0ms)
			CreateAndSetChildDomain (1ms)
		EndReloadAssembly (528ms)
			LoadAssemblies (85ms)
			RebuildTransferFunctionScriptingTraits (0ms)
			SetupTypeCache (174ms)
			ReleaseScriptCaches (0ms)
			RebuildScriptCaches (41ms)
			SetupLoadedEditorAssemblies (190ms)
				LogAssemblyErrors (0ms)
				InitializePlatformSupportModulesInManaged (5ms)
				SetLoadedEditorAssemblies (0ms)
				RefreshPlugins (45ms)
				BeforeProcessingInitializeOnLoad (22ms)
				ProcessInitializeOnLoadAttributes (86ms)
				ProcessInitializeOnLoadMethodAttributes (32ms)
				AfterProcessingInitializeOnLoad (0ms)
				EditorAssembliesLoaded (0ms)
			ExecutionOrderSort2 (0ms)
			AwakeInstancesAfterBackupRestoration (0ms)
Platform modules already initialized, skipping
Registering precompiled user dll's ...
Registered in 0.003761 seconds.
Begin MonoManager ReloadAssembly
Native extension for WindowsStandalone target not found
Refreshing native plugins compatible for Editor in 52.54 ms, found 3 plugins.
Preloading 0 native plugins for Editor in 0.00 ms.
Mono: successfully reloaded assembly
- Completed reload, in  1.320 seconds
Domain Reload Profiling:
	ReloadAssembly (1323ms)
		BeginReloadAssembly (187ms)
			ExecutionOrderSort (0ms)
			DisableScriptedObjects (6ms)
			BackupInstance (0ms)
			ReleaseScriptingObjects (0ms)
			CreateAndSetChildDomain (20ms)
		EndReloadAssembly (1058ms)
			LoadAssemblies (124ms)
			RebuildTransferFunctionScriptingTraits (0ms)
			SetupTypeCache (367ms)
			ReleaseScriptCaches (0ms)
			RebuildScriptCaches (52ms)
			SetupLoadedEditorAssemblies (392ms)
				LogAssemblyErrors (0ms)
				InitializePlatformSupportModulesInManaged (3ms)
				SetLoadedEditorAssemblies (0ms)
				RefreshPlugins (53ms)
				BeforeProcessingInitializeOnLoad (85ms)
				ProcessInitializeOnLoadAttributes (226ms)
				ProcessInitializeOnLoadMethodAttributes (18ms)
				AfterProcessingInitializeOnLoad (8ms)
				EditorAssembliesLoaded (0ms)
			ExecutionOrderSort2 (0ms)
			AwakeInstancesAfterBackupRestoration (8ms)
Platform modules already initialized, skipping
========================================================================
Worker process is ready to serve import requests
Launched and connected shader compiler UnityShaderCompiler.exe after 0.07 seconds
Refreshing native plugins compatible for Editor in 1.71 ms, found 3 plugins.
Preloading 0 native plugins for Editor in 0.00 ms.
Unloading 2196 Unused Serialized files (Serialized files now loaded: 0)
System memory in use before: 95.9 MB.
System memory in use after: 95.8 MB.

Unloading 34 unused Assets to reduce memory usage. Loaded Objects now: 2623.
Total: 3.135800 ms (FindLiveObjects: 0.165200 ms CreateObjectMapping: 0.071800 ms MarkObjects: 2.766800 ms  DeleteObjects: 0.131200 ms)

AssetImportParameters requested are different than current active one (requested -> active):
  custom:framework-win-MediaFoundation: 216162199b28c13a410421893ffa2e32 -> 
  custom:video-decoder-ogg-theora: a1e56fd34408186e4bbccfd4996cb3dc -> 
  custom:container-muxer-webm: aa71ff27fc2769a1b78a27578f13a17b -> 
  custom:container-demuxer-webm: 4f35f7cbe854078d1ac9338744f61a02 -> 
  custom:container-demuxer-ogg: 62fdf1f143b41e24485cea50d1cbac27 -> 
  custom:video-encoder-webm-vp8: eb34c28f22e8b96e1ab97ce403110664 -> 
  custom:video-codec-MediaFoundation-h265: 746d11721c4dcdbdad8f713fa42b33f4 -> 
  custom:video-decoder-webm-vp8: 9c59270c3fd7afecdb556c50c9e8de78 -> 
  custom:audio-decoder-ogg-vorbis: bf7c407c2cedff20999df2af8eb42d56 -> 
  custom:audio-encoder-webm-vorbis: bf7c407c2cedff20999df2af8eb42d56 -> 
========================================================================
Received Import Request.
  path: Assets
  artifactKey: Guid(00000000000000001000000000000000) Importer(815301076,1909f56bfc062723c751e8b465ee728b)
Start importing Assets using Guid(00000000000000001000000000000000) Importer(815301076,1909f56bfc062723c751e8b465ee728b)  -> (artifact id: '42d402b061de3733987d63b9cc3b64de') in 0.004502 seconds 
  Import took 0.138504 seconds .

========================================================================
Received Import Request.
  Time since last request: 7.846748 seconds.
  path: Assets/Script
  artifactKey: Guid(3727a31a48e881f4caf8d5503b2e5c77) Importer(815301076,1909f56bfc062723c751e8b465ee728b)
Start importing Assets/Script using Guid(3727a31a48e881f4caf8d5503b2e5c77) Importer(815301076,1909f56bfc062723c751e8b465ee728b)  -> (artifact id: '1819f66b8c88e5f7bda163d7268f7fb7') in 0.002449 seconds 
  Import took 0.009308 seconds .

========================================================================
Received Import Request.
  Time since last request: 298.279508 seconds.
  path: Assets/pong-assets
  artifactKey: Guid(27282a4980c84e649a879792aeef7407) Importer(815301076,1909f56bfc062723c751e8b465ee728b)
Start importing Assets/pong-assets using Guid(27282a4980c84e649a879792aeef7407) Importer(815301076,1909f56bfc062723c751e8b465ee728b)  -> (artifact id: '77deb6fce9b15079b7a6e5588f0e6dc2') in 0.001579 seconds 
  Import took 0.006799 seconds .

========================================================================
Received Import Request.
  Time since last request: 0.073840 seconds.
  path: Assets/pong-assets/bakground-1.png
  artifactKey: Guid(422e5186d0965484aaca1b7358ba9a79) Importer(815301076,1909f56bfc062723c751e8b465ee728b)
Start importing Assets/pong-assets/bakground-1.png using Guid(422e5186d0965484aaca1b7358ba9a79) Importer(815301076,1909f56bfc062723c751e8b465ee728b)  -> (artifact id: '92a8ddac292a0fd1566f542243c42a29') in 0.230424 seconds 
  Import took 0.240297 seconds .

========================================================================
Received Import Request.
  Time since last request: 0.000818 seconds.
  path: Assets/pong-assets/ball5.png
  artifactKey: Guid(058e691142de5ea4892ba24389452047) Importer(815301076,1909f56bfc062723c751e8b465ee728b)
Start importing Assets/pong-assets/ball5.png using Guid(058e691142de5ea4892ba24389452047) Importer(815301076,1909f56bfc062723c751e8b465ee728b)  -> (artifact id: 'bb7ebeebca7b7f9e5262e9f32de7343a') in 0.043169 seconds 
  Import took 0.049613 seconds .

========================================================================
Received Import Request.
  Time since last request: 0.000821 seconds.
  path: Assets/pong-assets/paddle-1.png
  artifactKey: Guid(51b12a82484cabe4f9f2bc28c8c0a629) Importer(815301076,1909f56bfc062723c751e8b465ee728b)
Start importing Assets/pong-assets/paddle-1.png using Guid(51b12a82484cabe4f9f2bc28c8c0a629) Importer(815301076,1909f56bfc062723c751e8b465ee728b)  -> (artifact id: '3e7109652765af698dc44aa2b1575385') in 0.059330 seconds 
  Import took 0.073401 seconds .

========================================================================
Received Import Request.
  Time since last request: 0.000424 seconds.
  path: Assets/pong-assets/paddle-2.png
  artifactKey: Guid(98f28829497bb414ebcafd3d8ec72640) Importer(815301076,1909f56bfc062723c751e8b465ee728b)
Start importing Assets/pong-assets/paddle-2.png using Guid(98f28829497bb414ebcafd3d8ec72640) Importer(815301076,1909f56bfc062723c751e8b465ee728b)  -> (artifact id: '3971d81912500a9742eaa533517e1811') in 0.073166 seconds 
  Import took 0.078313 seconds .

AssetImportWorkerClient::OnTransportError - code=2 error=End of file
